{"uuid":"04604271-2750-4be7-a610-71d62e209a66","historyId":"fad32e6078b820e35bc14c7917bdd6bf","fullName":"Nufus kayit ornegi belgesi sorgulama: Testing the service \"The query of certificate of birth registration copy\".","labels":[{"name":"tag","value":"smoke"},{"name":"host","value":"Faruk"},{"name":"thread","value":"13756@Faruk.main(1)"},{"name":"feature","value":"Nufus kayit ornegi belgesi sorgulama"},{"name":"story","value":"Testing the service \"The query of certificate of birth registration copy\"."},{"name":"suite","value":"Nufus kayit ornegi belgesi sorgulama"},{"name":"testClass","value":"Testing the service \"The query of certificate of birth registration copy\"."},{"name":"framework","value":"cucumber4jvm"},{"name":"language","value":"java"},{"name":"gherkin_uri","value":"file:///C:/ZLenovo/Asoftware/TürksatCasestudy/src/test/resources/features/NufusKayıtOrnegıBelgesiSorgulama.feature"},{"name":"package","value":"src.test.resources.features.NufusKayıtOrnegıBelgesiSorgulama_feature.Nufus kayit ornegi belgesi sorgulama"}],"links":[],"name":"Testing the service \"The query of certificate of birth registration copy\".","status":"broken","statusDetails":{"known":false,"muted":false,"flaky":false,"message":"element click intercepted: Element is not clickable at point (352, 669)\n  (Session info: chrome=114.0.5735.90)\nBuild info: version: '4.9.0', revision: 'd7057100a6'\nSystem info: os.name: 'Windows 11', os.arch: 'amd64', os.version: '10.0', java.version: '20'\nDriver info: org.openqa.selenium.chrome.ChromeDriver\nCommand: [c94b7ae2a5f8af63de9eb5a1f259b3a3, clickElement {id=6618DDBBB93583B69E44C2DD4ABAA3D6_element_62}]\nCapabilities {acceptInsecureCerts: false, browserName: chrome, browserVersion: 114.0.5735.90, chrome: {chromedriverVersion: 114.0.5735.90 (386bc09e8f4f..., userDataDir: C:\\Users\\faruk\\AppData\\Loca...}, goog:chromeOptions: {debuggerAddress: localhost:63896}, networkConnectionEnabled: false, pageLoadStrategy: normal, platformName: WINDOWS, proxy: Proxy(), se:cdp: ws://localhost:63896/devtoo..., se:cdpVersion: 114.0.5735.90, setWindowRect: true, strictFileInteractability: false, timeouts: {implicit: 0, pageLoad: 300000, script: 30000}, unhandledPromptBehavior: dismiss and notify, webauthn:extension:credBlob: true, webauthn:extension:largeBlob: true, webauthn:extension:minPinLength: true, webauthn:extension:prf: true, webauthn:virtualAuthenticators: true}\nElement: [[ChromeDriver: chrome on WINDOWS (c94b7ae2a5f8af63de9eb5a1f259b3a3)] -> xpath: //*[@*='radioButton']]\nSession ID: c94b7ae2a5f8af63de9eb5a1f259b3a3","trace":"org.openqa.selenium.ElementClickInterceptedException: element click intercepted: Element is not clickable at point (352, 669)\n  (Session info: chrome=114.0.5735.90)\nBuild info: version: '4.9.0', revision: 'd7057100a6'\nSystem info: os.name: 'Windows 11', os.arch: 'amd64', os.version: '10.0', java.version: '20'\nDriver info: org.openqa.selenium.chrome.ChromeDriver\nCommand: [c94b7ae2a5f8af63de9eb5a1f259b3a3, clickElement {id=6618DDBBB93583B69E44C2DD4ABAA3D6_element_62}]\nCapabilities {acceptInsecureCerts: false, browserName: chrome, browserVersion: 114.0.5735.90, chrome: {chromedriverVersion: 114.0.5735.90 (386bc09e8f4f..., userDataDir: C:\\Users\\faruk\\AppData\\Loca...}, goog:chromeOptions: {debuggerAddress: localhost:63896}, networkConnectionEnabled: false, pageLoadStrategy: normal, platformName: WINDOWS, proxy: Proxy(), se:cdp: ws://localhost:63896/devtoo..., se:cdpVersion: 114.0.5735.90, setWindowRect: true, strictFileInteractability: false, timeouts: {implicit: 0, pageLoad: 300000, script: 30000}, unhandledPromptBehavior: dismiss and notify, webauthn:extension:credBlob: true, webauthn:extension:largeBlob: true, webauthn:extension:minPinLength: true, webauthn:extension:prf: true, webauthn:virtualAuthenticators: true}\nElement: [[ChromeDriver: chrome on WINDOWS (c94b7ae2a5f8af63de9eb5a1f259b3a3)] -> xpath: //*[@*='radioButton']]\nSession ID: c94b7ae2a5f8af63de9eb5a1f259b3a3\r\n\tat java.base/jdk.internal.reflect.DirectConstructorHandleAccessor.newInstance(DirectConstructorHandleAccessor.java:67)\r\n\tat java.base/java.lang.reflect.Constructor.newInstanceWithCaller(Constructor.java:500)\r\n\tat java.base/java.lang.reflect.Constructor.newInstance(Constructor.java:484)\r\n\tat org.openqa.selenium.remote.codec.w3c.W3CHttpResponseCodec.createException(W3CHttpResponseCodec.java:200)\r\n\tat org.openqa.selenium.remote.codec.w3c.W3CHttpResponseCodec.decode(W3CHttpResponseCodec.java:133)\r\n\tat org.openqa.selenium.remote.codec.w3c.W3CHttpResponseCodec.decode(W3CHttpResponseCodec.java:53)\r\n\tat org.openqa.selenium.remote.HttpCommandExecutor.execute(HttpCommandExecutor.java:193)\r\n\tat org.openqa.selenium.remote.service.DriverCommandExecutor.invokeExecute(DriverCommandExecutor.java:183)\r\n\tat org.openqa.selenium.remote.service.DriverCommandExecutor.execute(DriverCommandExecutor.java:158)\r\n\tat org.openqa.selenium.remote.RemoteWebDriver.execute(RemoteWebDriver.java:543)\r\n\tat org.openqa.selenium.remote.RemoteWebElement.execute(RemoteWebElement.java:257)\r\n\tat org.openqa.selenium.remote.RemoteWebElement.click(RemoteWebElement.java:78)\r\n\tat java.base/jdk.internal.reflect.DirectMethodHandleAccessor.invoke(DirectMethodHandleAccessor.java:104)\r\n\tat java.base/java.lang.reflect.Method.invoke(Method.java:578)\r\n\tat org.openqa.selenium.support.pagefactory.internal.LocatingElementHandler.invoke(LocatingElementHandler.java:52)\r\n\tat jdk.proxy2/jdk.proxy2.$Proxy22.click(Unknown Source)\r\n\tat Pages.InformationAndConsentFormPage.informationAndConsent(InformationAndConsentFormPage.java:23)\r\n\tat stepDefinitions.Steps.checkTheConsentCheckboxAndVerifyItIsEnabled(Steps.java:49)\r\n\tat ✽.Check the consent checkbox and verify it is enabled(file:///C:/ZLenovo/Asoftware/TürksatCasestudy/src/test/resources/features/NufusKayıtOrnegıBelgesiSorgulama.feature:7)\r\n"},"stage":"finished","steps":[{"name":"Given  Navigate to the service \"Certificate of birth registration copy.\"","status":"passed","statusDetails":{"known":false,"muted":false,"flaky":false},"stage":"finished","steps":[],"attachments":[],"parameters":[],"start":1685534726289,"stop":1685534727213},{"name":"And  Check the consent checkbox and verify it is enabled","status":"broken","statusDetails":{"known":false,"muted":false,"flaky":false,"message":"element click intercepted: Element is not clickable at point (352, 669)\n  (Session info: chrome=114.0.5735.90)\nBuild info: version: '4.9.0', revision: 'd7057100a6'\nSystem info: os.name: 'Windows 11', os.arch: 'amd64', os.version: '10.0', java.version: '20'\nDriver info: org.openqa.selenium.chrome.ChromeDriver\nCommand: [c94b7ae2a5f8af63de9eb5a1f259b3a3, clickElement {id=6618DDBBB93583B69E44C2DD4ABAA3D6_element_62}]\nCapabilities {acceptInsecureCerts: false, browserName: chrome, browserVersion: 114.0.5735.90, chrome: {chromedriverVersion: 114.0.5735.90 (386bc09e8f4f..., userDataDir: C:\\Users\\faruk\\AppData\\Loca...}, goog:chromeOptions: {debuggerAddress: localhost:63896}, networkConnectionEnabled: false, pageLoadStrategy: normal, platformName: WINDOWS, proxy: Proxy(), se:cdp: ws://localhost:63896/devtoo..., se:cdpVersion: 114.0.5735.90, setWindowRect: true, strictFileInteractability: false, timeouts: {implicit: 0, pageLoad: 300000, script: 30000}, unhandledPromptBehavior: dismiss and notify, webauthn:extension:credBlob: true, webauthn:extension:largeBlob: true, webauthn:extension:minPinLength: true, webauthn:extension:prf: true, webauthn:virtualAuthenticators: true}\nElement: [[ChromeDriver: chrome on WINDOWS (c94b7ae2a5f8af63de9eb5a1f259b3a3)] -> xpath: //*[@*='radioButton']]\nSession ID: c94b7ae2a5f8af63de9eb5a1f259b3a3","trace":"org.openqa.selenium.ElementClickInterceptedException: element click intercepted: Element is not clickable at point (352, 669)\n  (Session info: chrome=114.0.5735.90)\nBuild info: version: '4.9.0', revision: 'd7057100a6'\nSystem info: os.name: 'Windows 11', os.arch: 'amd64', os.version: '10.0', java.version: '20'\nDriver info: org.openqa.selenium.chrome.ChromeDriver\nCommand: [c94b7ae2a5f8af63de9eb5a1f259b3a3, clickElement {id=6618DDBBB93583B69E44C2DD4ABAA3D6_element_62}]\nCapabilities {acceptInsecureCerts: false, browserName: chrome, browserVersion: 114.0.5735.90, chrome: {chromedriverVersion: 114.0.5735.90 (386bc09e8f4f..., userDataDir: C:\\Users\\faruk\\AppData\\Loca...}, goog:chromeOptions: {debuggerAddress: localhost:63896}, networkConnectionEnabled: false, pageLoadStrategy: normal, platformName: WINDOWS, proxy: Proxy(), se:cdp: ws://localhost:63896/devtoo..., se:cdpVersion: 114.0.5735.90, setWindowRect: true, strictFileInteractability: false, timeouts: {implicit: 0, pageLoad: 300000, script: 30000}, unhandledPromptBehavior: dismiss and notify, webauthn:extension:credBlob: true, webauthn:extension:largeBlob: true, webauthn:extension:minPinLength: true, webauthn:extension:prf: true, webauthn:virtualAuthenticators: true}\nElement: [[ChromeDriver: chrome on WINDOWS (c94b7ae2a5f8af63de9eb5a1f259b3a3)] -> xpath: //*[@*='radioButton']]\nSession ID: c94b7ae2a5f8af63de9eb5a1f259b3a3\r\n\tat java.base/jdk.internal.reflect.DirectConstructorHandleAccessor.newInstance(DirectConstructorHandleAccessor.java:67)\r\n\tat java.base/java.lang.reflect.Constructor.newInstanceWithCaller(Constructor.java:500)\r\n\tat java.base/java.lang.reflect.Constructor.newInstance(Constructor.java:484)\r\n\tat org.openqa.selenium.remote.codec.w3c.W3CHttpResponseCodec.createException(W3CHttpResponseCodec.java:200)\r\n\tat org.openqa.selenium.remote.codec.w3c.W3CHttpResponseCodec.decode(W3CHttpResponseCodec.java:133)\r\n\tat org.openqa.selenium.remote.codec.w3c.W3CHttpResponseCodec.decode(W3CHttpResponseCodec.java:53)\r\n\tat org.openqa.selenium.remote.HttpCommandExecutor.execute(HttpCommandExecutor.java:193)\r\n\tat org.openqa.selenium.remote.service.DriverCommandExecutor.invokeExecute(DriverCommandExecutor.java:183)\r\n\tat org.openqa.selenium.remote.service.DriverCommandExecutor.execute(DriverCommandExecutor.java:158)\r\n\tat org.openqa.selenium.remote.RemoteWebDriver.execute(RemoteWebDriver.java:543)\r\n\tat org.openqa.selenium.remote.RemoteWebElement.execute(RemoteWebElement.java:257)\r\n\tat org.openqa.selenium.remote.RemoteWebElement.click(RemoteWebElement.java:78)\r\n\tat java.base/jdk.internal.reflect.DirectMethodHandleAccessor.invoke(DirectMethodHandleAccessor.java:104)\r\n\tat java.base/java.lang.reflect.Method.invoke(Method.java:578)\r\n\tat org.openqa.selenium.support.pagefactory.internal.LocatingElementHandler.invoke(LocatingElementHandler.java:52)\r\n\tat jdk.proxy2/jdk.proxy2.$Proxy22.click(Unknown Source)\r\n\tat Pages.InformationAndConsentFormPage.informationAndConsent(InformationAndConsentFormPage.java:23)\r\n\tat stepDefinitions.Steps.checkTheConsentCheckboxAndVerifyItIsEnabled(Steps.java:49)\r\n\tat ✽.Check the consent checkbox and verify it is enabled(file:///C:/ZLenovo/Asoftware/TürksatCasestudy/src/test/resources/features/NufusKayıtOrnegıBelgesiSorgulama.feature:7)\r\n"},"stage":"finished","steps":[],"attachments":[],"parameters":[],"start":1685534727214,"stop":1685534728359},{"name":"Then  Click on the Button Devam Et","status":"skipped","statusDetails":{"known":false,"muted":false,"flaky":false},"stage":"finished","steps":[],"attachments":[],"parameters":[],"start":1685534728360,"stop":1685534728361}],"attachments":[],"parameters":[],"start":1685534722518,"stop":1685534728498}