{"uuid":"c340c11c-102d-4606-add8-da7346f14098","historyId":"fad32e6078b820e35bc14c7917bdd6bf","fullName":"Nufus kayit ornegi belgesi sorgulama: Testing the service \"The query of certificate of birth registration copy\".","labels":[{"name":"tag","value":"smoke"},{"name":"host","value":"Faruk"},{"name":"thread","value":"9292@Faruk.main(1)"},{"name":"feature","value":"Nufus kayit ornegi belgesi sorgulama"},{"name":"story","value":"Testing the service \"The query of certificate of birth registration copy\"."},{"name":"suite","value":"Nufus kayit ornegi belgesi sorgulama"},{"name":"testClass","value":"Testing the service \"The query of certificate of birth registration copy\"."},{"name":"framework","value":"cucumber4jvm"},{"name":"language","value":"java"},{"name":"gherkin_uri","value":"file:///C:/ZLenovo/Asoftware/TürksatCasestudy/src/test/resources/features/NufusKayıtOrnegıBelgesiSorgulama.feature"},{"name":"package","value":"src.test.resources.features.NufusKayıtOrnegıBelgesiSorgulama_feature.Nufus kayit ornegi belgesi sorgulama"}],"links":[],"name":"Testing the service \"The query of certificate of birth registration copy\".","status":"broken","statusDetails":{"known":false,"muted":false,"flaky":false,"message":"element click intercepted: Element is not clickable at point (836, -56)\n  (Session info: chrome=114.0.5735.90)\nBuild info: version: '4.9.0', revision: 'd7057100a6'\nSystem info: os.name: 'Windows 11', os.arch: 'amd64', os.version: '10.0', java.version: '20'\nDriver info: org.openqa.selenium.chrome.ChromeDriver\nCommand: [18f6ac324df962aa09650cdeb02c7964, clickElement {id=36FB1421F4983E477E8E4A52D020B6A0_element_81}]\nCapabilities {acceptInsecureCerts: false, browserName: chrome, browserVersion: 114.0.5735.90, chrome: {chromedriverVersion: 114.0.5735.90 (386bc09e8f4f..., userDataDir: C:\\Users\\faruk\\AppData\\Loca...}, goog:chromeOptions: {debuggerAddress: localhost:50812}, networkConnectionEnabled: false, pageLoadStrategy: normal, platformName: WINDOWS, proxy: Proxy(), se:cdp: ws://localhost:50812/devtoo..., se:cdpVersion: 114.0.5735.90, setWindowRect: true, strictFileInteractability: false, timeouts: {implicit: 0, pageLoad: 300000, script: 30000}, unhandledPromptBehavior: dismiss and notify, webauthn:extension:credBlob: true, webauthn:extension:largeBlob: true, webauthn:extension:minPinLength: true, webauthn:extension:prf: true, webauthn:virtualAuthenticators: true}\nElement: [[ChromeDriver: chrome on WINDOWS (18f6ac324df962aa09650cdeb02c7964)] -> class name: submitButton]\nSession ID: 18f6ac324df962aa09650cdeb02c7964","trace":"org.openqa.selenium.ElementClickInterceptedException: element click intercepted: Element is not clickable at point (836, -56)\n  (Session info: chrome=114.0.5735.90)\nBuild info: version: '4.9.0', revision: 'd7057100a6'\nSystem info: os.name: 'Windows 11', os.arch: 'amd64', os.version: '10.0', java.version: '20'\nDriver info: org.openqa.selenium.chrome.ChromeDriver\nCommand: [18f6ac324df962aa09650cdeb02c7964, clickElement {id=36FB1421F4983E477E8E4A52D020B6A0_element_81}]\nCapabilities {acceptInsecureCerts: false, browserName: chrome, browserVersion: 114.0.5735.90, chrome: {chromedriverVersion: 114.0.5735.90 (386bc09e8f4f..., userDataDir: C:\\Users\\faruk\\AppData\\Loca...}, goog:chromeOptions: {debuggerAddress: localhost:50812}, networkConnectionEnabled: false, pageLoadStrategy: normal, platformName: WINDOWS, proxy: Proxy(), se:cdp: ws://localhost:50812/devtoo..., se:cdpVersion: 114.0.5735.90, setWindowRect: true, strictFileInteractability: false, timeouts: {implicit: 0, pageLoad: 300000, script: 30000}, unhandledPromptBehavior: dismiss and notify, webauthn:extension:credBlob: true, webauthn:extension:largeBlob: true, webauthn:extension:minPinLength: true, webauthn:extension:prf: true, webauthn:virtualAuthenticators: true}\nElement: [[ChromeDriver: chrome on WINDOWS (18f6ac324df962aa09650cdeb02c7964)] -> class name: submitButton]\nSession ID: 18f6ac324df962aa09650cdeb02c7964\r\n\tat java.base/jdk.internal.reflect.DirectConstructorHandleAccessor.newInstance(DirectConstructorHandleAccessor.java:67)\r\n\tat java.base/java.lang.reflect.Constructor.newInstanceWithCaller(Constructor.java:500)\r\n\tat java.base/java.lang.reflect.Constructor.newInstance(Constructor.java:484)\r\n\tat org.openqa.selenium.remote.codec.w3c.W3CHttpResponseCodec.createException(W3CHttpResponseCodec.java:200)\r\n\tat org.openqa.selenium.remote.codec.w3c.W3CHttpResponseCodec.decode(W3CHttpResponseCodec.java:133)\r\n\tat org.openqa.selenium.remote.codec.w3c.W3CHttpResponseCodec.decode(W3CHttpResponseCodec.java:53)\r\n\tat org.openqa.selenium.remote.HttpCommandExecutor.execute(HttpCommandExecutor.java:193)\r\n\tat org.openqa.selenium.remote.service.DriverCommandExecutor.invokeExecute(DriverCommandExecutor.java:183)\r\n\tat org.openqa.selenium.remote.service.DriverCommandExecutor.execute(DriverCommandExecutor.java:158)\r\n\tat org.openqa.selenium.remote.RemoteWebDriver.execute(RemoteWebDriver.java:543)\r\n\tat org.openqa.selenium.remote.RemoteWebElement.execute(RemoteWebElement.java:257)\r\n\tat org.openqa.selenium.remote.RemoteWebElement.click(RemoteWebElement.java:78)\r\n\tat java.base/jdk.internal.reflect.DirectMethodHandleAccessor.invoke(DirectMethodHandleAccessor.java:104)\r\n\tat java.base/java.lang.reflect.Method.invoke(Method.java:578)\r\n\tat org.openqa.selenium.support.pagefactory.internal.LocatingElementHandler.invoke(LocatingElementHandler.java:52)\r\n\tat jdk.proxy2/jdk.proxy2.$Proxy21.click(Unknown Source)\r\n\tat Pages.QueryFormPage.clickOntheSorgulaButton(QueryFormPage.java:60)\r\n\tat stepDefinitions.Steps.clickOnTheSorgulaButton(Steps.java:75)\r\n\tat ✽.Click on the Sorgula button(file:///C:/ZLenovo/Asoftware/TürksatCasestudy/src/test/resources/features/NufusKayıtOrnegıBelgesiSorgulama.feature:18)\r\n"},"stage":"finished","steps":[{"name":"Given  Navigate to the service \"Certificate of birth registration copy.\"","status":"passed","statusDetails":{"known":false,"muted":false,"flaky":false},"stage":"finished","steps":[],"attachments":[],"parameters":[],"start":1685546383624,"stop":1685546384745},{"name":"And  Check the consent checkbox and verify it is enabled","status":"passed","statusDetails":{"known":false,"muted":false,"flaky":false},"stage":"finished","steps":[],"attachments":[],"parameters":[],"start":1685546384745,"stop":1685546384789},{"name":"Then  Click on the Button Devam Et","status":"passed","statusDetails":{"known":false,"muted":false,"flaky":false},"stage":"finished","steps":[],"attachments":[],"parameters":[],"start":1685546384789,"stop":1685546385524},{"name":"And  verify it redirects to the related page","status":"passed","statusDetails":{"known":false,"muted":false,"flaky":false},"stage":"finished","steps":[],"attachments":[],"parameters":[],"start":1685546385524,"stop":1685546385668},{"name":"And  scroll down the page","status":"passed","statusDetails":{"known":false,"muted":false,"flaky":false},"stage":"finished","steps":[],"attachments":[],"parameters":[],"start":1685546385668,"stop":1685546385684},{"name":"Then  Choose one of the options \"Nufus Kayıt Kişi\" from the dropdown \"Nufus Kayıt Ornegi\"","status":"passed","statusDetails":{"known":false,"muted":false,"flaky":false},"stage":"finished","steps":[],"attachments":[],"parameters":[],"start":1685546385684,"stop":1685546385826},{"name":"And  scroll down the page","status":"passed","statusDetails":{"known":false,"muted":false,"flaky":false},"stage":"finished","steps":[],"attachments":[],"parameters":[],"start":1685546385826,"stop":1685546385833},{"name":"And  Choose the one of the option \"Eski eş Hayır\" from the \"Eski Es Listele\"","status":"passed","statusDetails":{"known":false,"muted":false,"flaky":false},"stage":"finished","steps":[],"attachments":[],"parameters":[],"start":1685546385833,"stop":1685546385884},{"name":"And  scroll down the page","status":"passed","statusDetails":{"known":false,"muted":false,"flaky":false},"stage":"finished","steps":[],"attachments":[],"parameters":[],"start":1685546385884,"stop":1685546385900},{"name":"And  Choose the one of the option \"Vukuatlı Belge Evet\" from the \"Vukuatlı Belge\"","status":"passed","statusDetails":{"known":false,"muted":false,"flaky":false},"stage":"finished","steps":[],"attachments":[],"parameters":[],"start":1685546385900,"stop":1685546385920},{"name":"And  scroll down the page","status":"passed","statusDetails":{"known":false,"muted":false,"flaky":false},"stage":"finished","steps":[],"attachments":[],"parameters":[],"start":1685546385920,"stop":1685546385920},{"name":"And  Choose one of the options \"Verilme nedeni Kişi Talebi\" from the dropdown \"Belgenin Neden Verileceği\"","status":"passed","statusDetails":{"known":false,"muted":false,"flaky":false},"stage":"finished","steps":[],"attachments":[],"parameters":[],"start":1685546385920,"stop":1685546386040},{"name":"And  Click on the Sorgula button","status":"broken","statusDetails":{"known":false,"muted":false,"flaky":false,"message":"element click intercepted: Element is not clickable at point (836, -56)\n  (Session info: chrome=114.0.5735.90)\nBuild info: version: '4.9.0', revision: 'd7057100a6'\nSystem info: os.name: 'Windows 11', os.arch: 'amd64', os.version: '10.0', java.version: '20'\nDriver info: org.openqa.selenium.chrome.ChromeDriver\nCommand: [18f6ac324df962aa09650cdeb02c7964, clickElement {id=36FB1421F4983E477E8E4A52D020B6A0_element_81}]\nCapabilities {acceptInsecureCerts: false, browserName: chrome, browserVersion: 114.0.5735.90, chrome: {chromedriverVersion: 114.0.5735.90 (386bc09e8f4f..., userDataDir: C:\\Users\\faruk\\AppData\\Loca...}, goog:chromeOptions: {debuggerAddress: localhost:50812}, networkConnectionEnabled: false, pageLoadStrategy: normal, platformName: WINDOWS, proxy: Proxy(), se:cdp: ws://localhost:50812/devtoo..., se:cdpVersion: 114.0.5735.90, setWindowRect: true, strictFileInteractability: false, timeouts: {implicit: 0, pageLoad: 300000, script: 30000}, unhandledPromptBehavior: dismiss and notify, webauthn:extension:credBlob: true, webauthn:extension:largeBlob: true, webauthn:extension:minPinLength: true, webauthn:extension:prf: true, webauthn:virtualAuthenticators: true}\nElement: [[ChromeDriver: chrome on WINDOWS (18f6ac324df962aa09650cdeb02c7964)] -> class name: submitButton]\nSession ID: 18f6ac324df962aa09650cdeb02c7964","trace":"org.openqa.selenium.ElementClickInterceptedException: element click intercepted: Element is not clickable at point (836, -56)\n  (Session info: chrome=114.0.5735.90)\nBuild info: version: '4.9.0', revision: 'd7057100a6'\nSystem info: os.name: 'Windows 11', os.arch: 'amd64', os.version: '10.0', java.version: '20'\nDriver info: org.openqa.selenium.chrome.ChromeDriver\nCommand: [18f6ac324df962aa09650cdeb02c7964, clickElement {id=36FB1421F4983E477E8E4A52D020B6A0_element_81}]\nCapabilities {acceptInsecureCerts: false, browserName: chrome, browserVersion: 114.0.5735.90, chrome: {chromedriverVersion: 114.0.5735.90 (386bc09e8f4f..., userDataDir: C:\\Users\\faruk\\AppData\\Loca...}, goog:chromeOptions: {debuggerAddress: localhost:50812}, networkConnectionEnabled: false, pageLoadStrategy: normal, platformName: WINDOWS, proxy: Proxy(), se:cdp: ws://localhost:50812/devtoo..., se:cdpVersion: 114.0.5735.90, setWindowRect: true, strictFileInteractability: false, timeouts: {implicit: 0, pageLoad: 300000, script: 30000}, unhandledPromptBehavior: dismiss and notify, webauthn:extension:credBlob: true, webauthn:extension:largeBlob: true, webauthn:extension:minPinLength: true, webauthn:extension:prf: true, webauthn:virtualAuthenticators: true}\nElement: [[ChromeDriver: chrome on WINDOWS (18f6ac324df962aa09650cdeb02c7964)] -> class name: submitButton]\nSession ID: 18f6ac324df962aa09650cdeb02c7964\r\n\tat java.base/jdk.internal.reflect.DirectConstructorHandleAccessor.newInstance(DirectConstructorHandleAccessor.java:67)\r\n\tat java.base/java.lang.reflect.Constructor.newInstanceWithCaller(Constructor.java:500)\r\n\tat java.base/java.lang.reflect.Constructor.newInstance(Constructor.java:484)\r\n\tat org.openqa.selenium.remote.codec.w3c.W3CHttpResponseCodec.createException(W3CHttpResponseCodec.java:200)\r\n\tat org.openqa.selenium.remote.codec.w3c.W3CHttpResponseCodec.decode(W3CHttpResponseCodec.java:133)\r\n\tat org.openqa.selenium.remote.codec.w3c.W3CHttpResponseCodec.decode(W3CHttpResponseCodec.java:53)\r\n\tat org.openqa.selenium.remote.HttpCommandExecutor.execute(HttpCommandExecutor.java:193)\r\n\tat org.openqa.selenium.remote.service.DriverCommandExecutor.invokeExecute(DriverCommandExecutor.java:183)\r\n\tat org.openqa.selenium.remote.service.DriverCommandExecutor.execute(DriverCommandExecutor.java:158)\r\n\tat org.openqa.selenium.remote.RemoteWebDriver.execute(RemoteWebDriver.java:543)\r\n\tat org.openqa.selenium.remote.RemoteWebElement.execute(RemoteWebElement.java:257)\r\n\tat org.openqa.selenium.remote.RemoteWebElement.click(RemoteWebElement.java:78)\r\n\tat java.base/jdk.internal.reflect.DirectMethodHandleAccessor.invoke(DirectMethodHandleAccessor.java:104)\r\n\tat java.base/java.lang.reflect.Method.invoke(Method.java:578)\r\n\tat org.openqa.selenium.support.pagefactory.internal.LocatingElementHandler.invoke(LocatingElementHandler.java:52)\r\n\tat jdk.proxy2/jdk.proxy2.$Proxy21.click(Unknown Source)\r\n\tat Pages.QueryFormPage.clickOntheSorgulaButton(QueryFormPage.java:60)\r\n\tat stepDefinitions.Steps.clickOnTheSorgulaButton(Steps.java:75)\r\n\tat ✽.Click on the Sorgula button(file:///C:/ZLenovo/Asoftware/TürksatCasestudy/src/test/resources/features/NufusKayıtOrnegıBelgesiSorgulama.feature:18)\r\n"},"stage":"finished","steps":[],"attachments":[],"parameters":[],"start":1685546386040,"stop":1685546387164},{"name":"Then  verify that the related document has displayed","status":"skipped","statusDetails":{"known":false,"muted":false,"flaky":false},"stage":"finished","steps":[],"attachments":[],"parameters":[],"start":1685546387164,"stop":1685546387164}],"attachments":[],"parameters":[],"start":1685546377797,"stop":1685546387164}