{"uuid":"c7a7e551-c4f9-491b-928a-42af5b52d14b","historyId":"fad32e6078b820e35bc14c7917bdd6bf","fullName":"Nufus kayit ornegi belgesi sorgulama: Testing the service \"The query of certificate of birth registration copy\".","labels":[{"name":"tag","value":"smoke"},{"name":"host","value":"Faruk"},{"name":"thread","value":"7228@Faruk.main(1)"},{"name":"feature","value":"Nufus kayit ornegi belgesi sorgulama"},{"name":"story","value":"Testing the service \"The query of certificate of birth registration copy\"."},{"name":"suite","value":"Nufus kayit ornegi belgesi sorgulama"},{"name":"testClass","value":"Testing the service \"The query of certificate of birth registration copy\"."},{"name":"framework","value":"cucumber4jvm"},{"name":"language","value":"java"},{"name":"gherkin_uri","value":"file:///C:/ZLenovo/Asoftware/TürksatCasestudy/src/test/resources/features/NufusKayıtOrnegıBelgesiSorgulama.feature"},{"name":"package","value":"src.test.resources.features.NufusKayıtOrnegıBelgesiSorgulama_feature.Nufus kayit ornegi belgesi sorgulama"}],"links":[],"name":"Testing the service \"The query of certificate of birth registration copy\".","status":"broken","statusDetails":{"known":false,"muted":false,"flaky":false,"message":"element click intercepted: Element is not clickable at point (337, 615)\n  (Session info: chrome=114.0.5735.90)\nBuild info: version: '4.9.0', revision: 'd7057100a6'\nSystem info: os.name: 'Windows 11', os.arch: 'amd64', os.version: '10.0', java.version: '20'\nDriver info: org.openqa.selenium.chrome.ChromeDriver\nCommand: [180cc748364fa501a6d7bb5e2abe5cae, clickElement {id=596ACDC7548FA7A00666F1B19EF5A04E_element_84}]\nCapabilities {acceptInsecureCerts: false, browserName: chrome, browserVersion: 114.0.5735.90, chrome: {chromedriverVersion: 114.0.5735.90 (386bc09e8f4f..., userDataDir: C:\\Users\\faruk\\AppData\\Loca...}, goog:chromeOptions: {debuggerAddress: localhost:49780}, networkConnectionEnabled: false, pageLoadStrategy: normal, platformName: WINDOWS, proxy: Proxy(), se:cdp: ws://localhost:49780/devtoo..., se:cdpVersion: 114.0.5735.90, setWindowRect: true, strictFileInteractability: false, timeouts: {implicit: 0, pageLoad: 300000, script: 30000}, unhandledPromptBehavior: dismiss and notify, webauthn:extension:credBlob: true, webauthn:extension:largeBlob: true, webauthn:extension:minPinLength: true, webauthn:extension:prf: true, webauthn:virtualAuthenticators: true}\nElement: [[ChromeDriver: chrome on WINDOWS (180cc748364fa501a6d7bb5e2abe5cae)] -> xpath: (//input[@value='E'])[2]]\nSession ID: 180cc748364fa501a6d7bb5e2abe5cae","trace":"org.openqa.selenium.ElementClickInterceptedException: element click intercepted: Element is not clickable at point (337, 615)\n  (Session info: chrome=114.0.5735.90)\nBuild info: version: '4.9.0', revision: 'd7057100a6'\nSystem info: os.name: 'Windows 11', os.arch: 'amd64', os.version: '10.0', java.version: '20'\nDriver info: org.openqa.selenium.chrome.ChromeDriver\nCommand: [180cc748364fa501a6d7bb5e2abe5cae, clickElement {id=596ACDC7548FA7A00666F1B19EF5A04E_element_84}]\nCapabilities {acceptInsecureCerts: false, browserName: chrome, browserVersion: 114.0.5735.90, chrome: {chromedriverVersion: 114.0.5735.90 (386bc09e8f4f..., userDataDir: C:\\Users\\faruk\\AppData\\Loca...}, goog:chromeOptions: {debuggerAddress: localhost:49780}, networkConnectionEnabled: false, pageLoadStrategy: normal, platformName: WINDOWS, proxy: Proxy(), se:cdp: ws://localhost:49780/devtoo..., se:cdpVersion: 114.0.5735.90, setWindowRect: true, strictFileInteractability: false, timeouts: {implicit: 0, pageLoad: 300000, script: 30000}, unhandledPromptBehavior: dismiss and notify, webauthn:extension:credBlob: true, webauthn:extension:largeBlob: true, webauthn:extension:minPinLength: true, webauthn:extension:prf: true, webauthn:virtualAuthenticators: true}\nElement: [[ChromeDriver: chrome on WINDOWS (180cc748364fa501a6d7bb5e2abe5cae)] -> xpath: (//input[@value='E'])[2]]\nSession ID: 180cc748364fa501a6d7bb5e2abe5cae\r\n\tat java.base/jdk.internal.reflect.DirectConstructorHandleAccessor.newInstance(DirectConstructorHandleAccessor.java:67)\r\n\tat java.base/java.lang.reflect.Constructor.newInstanceWithCaller(Constructor.java:500)\r\n\tat java.base/java.lang.reflect.Constructor.newInstance(Constructor.java:484)\r\n\tat org.openqa.selenium.remote.codec.w3c.W3CHttpResponseCodec.createException(W3CHttpResponseCodec.java:200)\r\n\tat org.openqa.selenium.remote.codec.w3c.W3CHttpResponseCodec.decode(W3CHttpResponseCodec.java:133)\r\n\tat org.openqa.selenium.remote.codec.w3c.W3CHttpResponseCodec.decode(W3CHttpResponseCodec.java:53)\r\n\tat org.openqa.selenium.remote.HttpCommandExecutor.execute(HttpCommandExecutor.java:193)\r\n\tat org.openqa.selenium.remote.service.DriverCommandExecutor.invokeExecute(DriverCommandExecutor.java:183)\r\n\tat org.openqa.selenium.remote.service.DriverCommandExecutor.execute(DriverCommandExecutor.java:158)\r\n\tat org.openqa.selenium.remote.RemoteWebDriver.execute(RemoteWebDriver.java:543)\r\n\tat org.openqa.selenium.remote.RemoteWebElement.execute(RemoteWebElement.java:257)\r\n\tat org.openqa.selenium.remote.RemoteWebElement.click(RemoteWebElement.java:78)\r\n\tat java.base/jdk.internal.reflect.DirectMethodHandleAccessor.invoke(DirectMethodHandleAccessor.java:104)\r\n\tat java.base/java.lang.reflect.Method.invoke(Method.java:578)\r\n\tat org.openqa.selenium.support.pagefactory.internal.LocatingElementHandler.invoke(LocatingElementHandler.java:52)\r\n\tat jdk.proxy2/jdk.proxy2.$Proxy21.click(Unknown Source)\r\n\tat Pages.QueryFormPage.setCheckbox(QueryFormPage.java:48)\r\n\tat stepDefinitions.Steps.chooseTheOneOfTheOptionFromThe(Steps.java:72)\r\n\tat ✽.Choose the one of the option \"Vukuatlı Belge Evet\" from the \"Vukuatlı Belge\"(file:///C:/ZLenovo/Asoftware/TürksatCasestudy/src/test/resources/features/NufusKayıtOrnegıBelgesiSorgulama.feature:13)\r\n"},"stage":"finished","steps":[{"name":"Given  Navigate to the service \"Certificate of birth registration copy.\"","status":"passed","statusDetails":{"known":false,"muted":false,"flaky":false},"stage":"finished","steps":[],"attachments":[],"parameters":[],"start":1685544682947,"stop":1685544684211},{"name":"And  Check the consent checkbox and verify it is enabled","status":"passed","statusDetails":{"known":false,"muted":false,"flaky":false},"stage":"finished","steps":[],"attachments":[],"parameters":[],"start":1685544684211,"stop":1685544684263},{"name":"Then  Click on the Button Devam Et","status":"passed","statusDetails":{"known":false,"muted":false,"flaky":false},"stage":"finished","steps":[],"attachments":[],"parameters":[],"start":1685544684263,"stop":1685544685142},{"name":"And  verify it redirects to the related page","status":"passed","statusDetails":{"known":false,"muted":false,"flaky":false},"stage":"finished","steps":[],"attachments":[],"parameters":[],"start":1685544685142,"stop":1685544686387},{"name":"And  scroll down the page","status":"passed","statusDetails":{"known":false,"muted":false,"flaky":false},"stage":"finished","steps":[],"attachments":[],"parameters":[],"start":1685544686387,"stop":1685544686403},{"name":"Then  Choose one of the options \"Nufus Kayıt Kişi\" from the dropdown \"Nufus Kayıt Ornegi\"","status":"passed","statusDetails":{"known":false,"muted":false,"flaky":false},"stage":"finished","steps":[],"attachments":[],"parameters":[],"start":1685544686404,"stop":1685544686555},{"name":"And  Choose the one of the option \"Eski eş Hayır\" from the \"Eski Es Listele\"","status":"passed","statusDetails":{"known":false,"muted":false,"flaky":false},"stage":"finished","steps":[],"attachments":[],"parameters":[],"start":1685544686555,"stop":1685544686617},{"name":"And  Choose the one of the option \"Vukuatlı Belge Evet\" from the \"Vukuatlı Belge\"","status":"broken","statusDetails":{"known":false,"muted":false,"flaky":false,"message":"element click intercepted: Element is not clickable at point (337, 615)\n  (Session info: chrome=114.0.5735.90)\nBuild info: version: '4.9.0', revision: 'd7057100a6'\nSystem info: os.name: 'Windows 11', os.arch: 'amd64', os.version: '10.0', java.version: '20'\nDriver info: org.openqa.selenium.chrome.ChromeDriver\nCommand: [180cc748364fa501a6d7bb5e2abe5cae, clickElement {id=596ACDC7548FA7A00666F1B19EF5A04E_element_84}]\nCapabilities {acceptInsecureCerts: false, browserName: chrome, browserVersion: 114.0.5735.90, chrome: {chromedriverVersion: 114.0.5735.90 (386bc09e8f4f..., userDataDir: C:\\Users\\faruk\\AppData\\Loca...}, goog:chromeOptions: {debuggerAddress: localhost:49780}, networkConnectionEnabled: false, pageLoadStrategy: normal, platformName: WINDOWS, proxy: Proxy(), se:cdp: ws://localhost:49780/devtoo..., se:cdpVersion: 114.0.5735.90, setWindowRect: true, strictFileInteractability: false, timeouts: {implicit: 0, pageLoad: 300000, script: 30000}, unhandledPromptBehavior: dismiss and notify, webauthn:extension:credBlob: true, webauthn:extension:largeBlob: true, webauthn:extension:minPinLength: true, webauthn:extension:prf: true, webauthn:virtualAuthenticators: true}\nElement: [[ChromeDriver: chrome on WINDOWS (180cc748364fa501a6d7bb5e2abe5cae)] -> xpath: (//input[@value='E'])[2]]\nSession ID: 180cc748364fa501a6d7bb5e2abe5cae","trace":"org.openqa.selenium.ElementClickInterceptedException: element click intercepted: Element is not clickable at point (337, 615)\n  (Session info: chrome=114.0.5735.90)\nBuild info: version: '4.9.0', revision: 'd7057100a6'\nSystem info: os.name: 'Windows 11', os.arch: 'amd64', os.version: '10.0', java.version: '20'\nDriver info: org.openqa.selenium.chrome.ChromeDriver\nCommand: [180cc748364fa501a6d7bb5e2abe5cae, clickElement {id=596ACDC7548FA7A00666F1B19EF5A04E_element_84}]\nCapabilities {acceptInsecureCerts: false, browserName: chrome, browserVersion: 114.0.5735.90, chrome: {chromedriverVersion: 114.0.5735.90 (386bc09e8f4f..., userDataDir: C:\\Users\\faruk\\AppData\\Loca...}, goog:chromeOptions: {debuggerAddress: localhost:49780}, networkConnectionEnabled: false, pageLoadStrategy: normal, platformName: WINDOWS, proxy: Proxy(), se:cdp: ws://localhost:49780/devtoo..., se:cdpVersion: 114.0.5735.90, setWindowRect: true, strictFileInteractability: false, timeouts: {implicit: 0, pageLoad: 300000, script: 30000}, unhandledPromptBehavior: dismiss and notify, webauthn:extension:credBlob: true, webauthn:extension:largeBlob: true, webauthn:extension:minPinLength: true, webauthn:extension:prf: true, webauthn:virtualAuthenticators: true}\nElement: [[ChromeDriver: chrome on WINDOWS (180cc748364fa501a6d7bb5e2abe5cae)] -> xpath: (//input[@value='E'])[2]]\nSession ID: 180cc748364fa501a6d7bb5e2abe5cae\r\n\tat java.base/jdk.internal.reflect.DirectConstructorHandleAccessor.newInstance(DirectConstructorHandleAccessor.java:67)\r\n\tat java.base/java.lang.reflect.Constructor.newInstanceWithCaller(Constructor.java:500)\r\n\tat java.base/java.lang.reflect.Constructor.newInstance(Constructor.java:484)\r\n\tat org.openqa.selenium.remote.codec.w3c.W3CHttpResponseCodec.createException(W3CHttpResponseCodec.java:200)\r\n\tat org.openqa.selenium.remote.codec.w3c.W3CHttpResponseCodec.decode(W3CHttpResponseCodec.java:133)\r\n\tat org.openqa.selenium.remote.codec.w3c.W3CHttpResponseCodec.decode(W3CHttpResponseCodec.java:53)\r\n\tat org.openqa.selenium.remote.HttpCommandExecutor.execute(HttpCommandExecutor.java:193)\r\n\tat org.openqa.selenium.remote.service.DriverCommandExecutor.invokeExecute(DriverCommandExecutor.java:183)\r\n\tat org.openqa.selenium.remote.service.DriverCommandExecutor.execute(DriverCommandExecutor.java:158)\r\n\tat org.openqa.selenium.remote.RemoteWebDriver.execute(RemoteWebDriver.java:543)\r\n\tat org.openqa.selenium.remote.RemoteWebElement.execute(RemoteWebElement.java:257)\r\n\tat org.openqa.selenium.remote.RemoteWebElement.click(RemoteWebElement.java:78)\r\n\tat java.base/jdk.internal.reflect.DirectMethodHandleAccessor.invoke(DirectMethodHandleAccessor.java:104)\r\n\tat java.base/java.lang.reflect.Method.invoke(Method.java:578)\r\n\tat org.openqa.selenium.support.pagefactory.internal.LocatingElementHandler.invoke(LocatingElementHandler.java:52)\r\n\tat jdk.proxy2/jdk.proxy2.$Proxy21.click(Unknown Source)\r\n\tat Pages.QueryFormPage.setCheckbox(QueryFormPage.java:48)\r\n\tat stepDefinitions.Steps.chooseTheOneOfTheOptionFromThe(Steps.java:72)\r\n\tat ✽.Choose the one of the option \"Vukuatlı Belge Evet\" from the \"Vukuatlı Belge\"(file:///C:/ZLenovo/Asoftware/TürksatCasestudy/src/test/resources/features/NufusKayıtOrnegıBelgesiSorgulama.feature:13)\r\n"},"stage":"finished","steps":[],"attachments":[],"parameters":[],"start":1685544686617,"stop":1685544687748},{"name":"And  Choose one of the options \"Verilme nedeni Kişi Talebi\" from the dropdown \"Belgenin Neden Verileceği\"","status":"skipped","statusDetails":{"known":false,"muted":false,"flaky":false},"stage":"finished","steps":[],"attachments":[],"parameters":[],"start":1685544687748,"stop":1685544687748},{"name":"And  Click on the Sorgula button","status":"skipped","statusDetails":{"known":false,"muted":false,"flaky":false},"stage":"finished","steps":[],"attachments":[],"parameters":[],"start":1685544687748,"stop":1685544687748}],"attachments":[],"parameters":[],"start":1685544677306,"stop":1685544687756}